<?xml version="1.0" encoding="UTF-8"?>
<!-- Generated by org.testng.reporters.JUnitReportReporter -->
<testsuite hostname="Milena-PC" name="SimpleTest" tests="1" failures="0" timestamp="17 Jun 2018 10:22:20 GMT" time="0.026" errors="0">
  <testcase name="initialTest" time="0.026" classname="SimpleTest"/>
</testsuite> <!-- SimpleTest -->
