<?xml version="1.0" encoding="UTF-8"?>
<!-- Generated by org.testng.reporters.JUnitReportReporter -->
<testsuite hostname="Milena-PC" name="testsPackage.SimpleTest" tests="1" failures="0" timestamp="17 Jun 2018 11:40:30 GMT" time="0.015" errors="0">
  <testcase name="initialTest" time="0.015" classname="testsPackage.SimpleTest"/>
</testsuite> <!-- testsPackage.SimpleTest -->
